Determining if the pthread_create exist failed with the following output:
Change Dir: /mnt/c/Users/Candy/projects/TrianglesDesignPatternoop/tmp/CMakeFiles/CMakeTmp

Run Build Command:"/usr/bin/make" "cmTC_afcd9/fast"
/usr/bin/make -f CMakeFiles/cmTC_afcd9.dir/build.make CMakeFiles/cmTC_afcd9.dir/build
make[1]: Entering directory '/mnt/c/Users/Candy/projects/TrianglesDesignPatternoop/tmp/CMakeFiles/CMakeTmp'
Building C object CMakeFiles/cmTC_afcd9.dir/CheckSymbolExists.c.o
/usr/bin/cc     -o CMakeFiles/cmTC_afcd9.dir/CheckSymbolExists.c.o   -c /mnt/c/Users/Candy/projects/TrianglesDesignPatternoop/tmp/CMakeFiles/CMakeTmp/CheckSymbolExists.c
Linking C executable cmTC_afcd9
/usr/bin/cmake -E cmake_link_script CMakeFiles/cmTC_afcd9.dir/link.txt --verbose=1
/usr/bin/cc       CMakeFiles/cmTC_afcd9.dir/CheckSymbolExists.c.o  -o cmTC_afcd9 
CMakeFiles/cmTC_afcd9.dir/CheckSymbolExists.c.o: In function `main':
CheckSymbolExists.c:(.text+0x16): undefined reference to `pthread_create'
collect2: error: ld returned 1 exit status
CMakeFiles/cmTC_afcd9.dir/build.make:97: recipe for target 'cmTC_afcd9' failed
make[1]: *** [cmTC_afcd9] Error 1
make[1]: Leaving directory '/mnt/c/Users/Candy/projects/TrianglesDesignPatternoop/tmp/CMakeFiles/CMakeTmp'
Makefile:126: recipe for target 'cmTC_afcd9/fast' failed
make: *** [cmTC_afcd9/fast] Error 2

File /mnt/c/Users/Candy/projects/TrianglesDesignPatternoop/tmp/CMakeFiles/CMakeTmp/CheckSymbolExists.c:
/* */
#include <pthread.h>

int main(int argc, char** argv)
{
  (void)argv;
#ifndef pthread_create
  return ((int*)(&pthread_create))[argc];
#else
  (void)argc;
  return 0;
#endif
}

Determining if the function pthread_create exists in the pthreads failed with the following output:
Change Dir: /mnt/c/Users/Candy/projects/TrianglesDesignPatternoop/tmp/CMakeFiles/CMakeTmp

Run Build Command:"/usr/bin/make" "cmTC_db35b/fast"
/usr/bin/make -f CMakeFiles/cmTC_db35b.dir/build.make CMakeFiles/cmTC_db35b.dir/build
make[1]: Entering directory '/mnt/c/Users/Candy/projects/TrianglesDesignPatternoop/tmp/CMakeFiles/CMakeTmp'
Building C object CMakeFiles/cmTC_db35b.dir/CheckFunctionExists.c.o
/usr/bin/cc    -DCHECK_FUNCTION_EXISTS=pthread_create   -o CMakeFiles/cmTC_db35b.dir/CheckFunctionExists.c.o   -c /usr/share/cmake-3.5/Modules/CheckFunctionExists.c
Linking C executable cmTC_db35b
/usr/bin/cmake -E cmake_link_script CMakeFiles/cmTC_db35b.dir/link.txt --verbose=1
/usr/bin/cc   -DCHECK_FUNCTION_EXISTS=pthread_create    CMakeFiles/cmTC_db35b.dir/CheckFunctionExists.c.o  -o cmTC_db35b -lpthreads 
/usr/bin/ld: cannot find -lpthreads
collect2: error: ld returned 1 exit status
CMakeFiles/cmTC_db35b.dir/build.make:97: recipe for target 'cmTC_db35b' failed
make[1]: *** [cmTC_db35b] Error 1
make[1]: Leaving directory '/mnt/c/Users/Candy/projects/TrianglesDesignPatternoop/tmp/CMakeFiles/CMakeTmp'
Makefile:126: recipe for target 'cmTC_db35b/fast' failed
make: *** [cmTC_db35b/fast] Error 2


